# JRE version: Java(TM) SE Runtime Environment (24.0.2+12) (build 24.0.2+12-54)
# Java VM: Java HotSpot(TM) 64-Bit Server VM (24.0.2+12-54, mixed mode, sharing, tiered, compressed oops, compressed class ptrs, g1 gc, windows-amd64)
GC Precious Log:
 CardTable entry size: 512
 Card Set container configuration: InlinePtr #cards 5 size 8 Array Of Cards #cards 10 size 36 Howl #buckets 4 coarsen threshold 1843 Howl Bitmap #cards 512 size 80 coarsen threshold 460 Card regions per heap region 1 cards per card region 2048
 CPUs: 8 total, 8 available
 Memory: 8006M
 Large Page Support: Disabled
 NUMA Support: Disabled
 Compressed Oops: Enabled (32-bit)
 Heap Region Size: 1M
 Heap Min Capacity: 8M
 Heap Initial Capacity: 126M
 Heap Max Capacity: 2002M
 Pre-touch: Disabled
 Parallel Workers: 8
 Concurrent Workers: 2
 Concurrent Refinement Workers: 8
 Periodic GC: Disabled
Heap:
 garbage-first heap   total reserved 2050048K, committed 51200K, used 35500K [0x0000000082e00000, 0x0000000100000000)
  region size 1024K, 16 young (16384K), 3 survivors (3072K)
 Metaspace       used 43066K, committed 43584K, reserved 1114112K
  class space    used 4737K, committed 4992K, reserved 1048576K
GC Heap History (16 events):
Event: 2.620 GC heap before
{Heap before GC invocations=0 (full 0):
 garbage-first heap   total reserved 2050048K, committed 131072K, used 49268K [0x0000000082e00000, 0x0000000100000000)
  region size 1024K, 47 young (48128K), 0 survivors (0K)
 Metaspace       used 12704K, committed 12992K, reserved 1114112K
  class space    used 1335K, committed 1472K, reserved 1048576K
}
Event: 2.628 GC heap after
{Heap after GC invocations=1 (full 0):
 garbage-first heap   total reserved 2050048K, committed 131072K, used 8425K [0x0000000082e00000, 0x0000000100000000)
  region size 1024K, 6 young (6144K), 6 survivors (6144K)
 Metaspace       used 12704K, committed 12992K, reserved 1114112K
  class space    used 1335K, committed 1472K, reserved 1048576K
}
Event: 3.645 GC heap before
{Heap before GC invocations=1 (full 0):
 garbage-first heap   total reserved 2050048K, committed 131072K, used 42217K [0x0000000082e00000, 0x0000000100000000)
  region size 1024K, 41 young (41984K), 6 survivors (6144K)
 Metaspace       used 21149K, committed 21504K, reserved 1114112K
  class space    used 2143K, committed 2304K, reserved 1048576K
}
Event: 3.654 GC heap after
{Heap after GC invocations=2 (full 0):
 garbage-first heap   total reserved 2050048K, committed 131072K, used 12046K [0x0000000082e00000, 0x0000000100000000)
  region size 1024K, 4 young (4096K), 4 survivors (4096K)
 Metaspace       used 21149K, committed 21504K, reserved 1114112K
  class space    used 2143K, committed 2304K, reserved 1048576K
}
Event: 4.708 GC heap before
{Heap before GC invocations=3 (full 0):
 garbage-first heap   total reserved 2050048K, committed 45056K, used 43790K [0x0000000082e00000, 0x0000000100000000)
  region size 1024K, 35 young (35840K), 4 survivors (4096K)
 Metaspace       used 25160K, committed 25536K, reserved 1114112K
  class space    used 2533K, committed 2688K, reserved 1048576K
}
Event: 4.713 GC heap after
{Heap after GC invocations=4 (full 0):
 garbage-first heap   total reserved 2050048K, committed 51200K, used 14319K [0x0000000082e00000, 0x0000000100000000)
  region size 1024K, 6 young (6144K), 6 survivors (6144K)
 Metaspace       used 25160K, committed 25536K, reserved 1114112K
  class space    used 2533K, committed 2688K, reserved 1048576K
}
Event: 5.309 GC heap before
{Heap before GC invocations=4 (full 0):
 garbage-first heap   total reserved 2050048K, committed 51200K, used 35823K [0x0000000082e00000, 0x0000000100000000)
  region size 1024K, 27 young (27648K), 6 survivors (6144K)
 Metaspace       used 28732K, committed 29184K, reserved 1114112K
  class space    used 2993K, committed 3200K, reserved 1048576K
}
Event: 5.315 GC heap after
{Heap after GC invocations=5 (full 0):
 garbage-first heap   total reserved 2050048K, committed 51200K, used 16058K [0x0000000082e00000, 0x0000000100000000)
  region size 1024K, 3 young (3072K), 3 survivors (3072K)
 Metaspace       used 28732K, committed 29184K, reserved 1114112K
  class space    used 2993K, committed 3200K, reserved 1048576K
}
Event: 6.067 GC heap before
{Heap before GC invocations=5 (full 0):
 garbage-first heap   total reserved 2050048K, committed 51200K, used 37562K [0x0000000082e00000, 0x0000000100000000)
  region size 1024K, 24 young (24576K), 3 survivors (3072K)
 Metaspace       used 34110K, committed 34624K, reserved 1114112K
  class space    used 3590K, committed 3840K, reserved 1048576K
}
Event: 6.071 GC heap after
{Heap after GC invocations=6 (full 0):
 garbage-first heap   total reserved 2050048K, committed 51200K, used 18086K [0x0000000082e00000, 0x0000000100000000)
  region size 1024K, 3 young (3072K), 3 survivors (3072K)
 Metaspace       used 34110K, committed 34624K, reserved 1114112K
  class space    used 3590K, committed 3840K, reserved 1048576K
}
Event: 6.340 GC heap before
{Heap before GC invocations=6 (full 0):
 garbage-first heap   total reserved 2050048K, committed 51200K, used 28326K [0x0000000082e00000, 0x0000000100000000)
  region size 1024K, 14 young (14336K), 3 survivors (3072K)
 Metaspace       used 35528K, committed 35968K, reserved 1114112K
  class space    used 3811K, committed 4032K, reserved 1048576K
}
Event: 6.343 GC heap after
{Heap after GC invocations=7 (full 0):
 garbage-first heap   total reserved 2050048K, committed 51200K, used 18702K [0x0000000082e00000, 0x0000000100000000)
  region size 1024K, 1 young (1024K), 1 survivors (1024K)
 Metaspace       used 35528K, committed 35968K, reserved 1114112K
  class space    used 3811K, committed 4032K, reserved 1048576K
}
Event: 6.937 GC heap before
{Heap before GC invocations=8 (full 0):
 garbage-first heap   total reserved 2050048K, committed 51200K, used 40206K [0x0000000082e00000, 0x0000000100000000)
  region size 1024K, 22 young (22528K), 1 survivors (1024K)
 Metaspace       used 38837K, committed 39424K, reserved 1114112K
  class space    used 4239K, committed 4480K, reserved 1048576K
}
Event: 6.942 GC heap after
{Heap after GC invocations=9 (full 0):
 garbage-first heap   total reserved 2050048K, committed 51200K, used 20936K [0x0000000082e00000, 0x0000000100000000)
  region size 1024K, 3 young (3072K), 3 survivors (3072K)
 Metaspace       used 38837K, committed 39424K, reserved 1114112K
  class space    used 4239K, committed 4480K, reserved 1048576K
}
Event: 7.560 GC heap before
{Heap before GC invocations=9 (full 0):
 garbage-first heap   total reserved 2050048K, committed 51200K, used 42440K [0x0000000082e00000, 0x0000000100000000)
  region size 1024K, 24 young (24576K), 3 survivors (3072K)
 Metaspace       used 42156K, committed 42688K, reserved 1114112K
  class space    used 4653K, committed 4864K, reserved 1048576K
}
Event: 7.565 GC heap after
{Heap after GC invocations=10 (full 0):
 garbage-first heap   total reserved 2050048K, committed 51200K, used 23212K [0x0000000082e00000, 0x0000000100000000)
  region size 1024K, 3 young (3072K), 3 survivors (3072K)
 Metaspace       used 42156K, committed 42688K, reserved 1114112K
  class space    used 4653K, committed 4864K, reserved 1048576K
}

